<?xml version='1.0' encoding='UTF-8'?>
<testsuite hostname="DESKTOP-ES8OC7H" name="TestCommands" tests="3" errors="0" failures="0" skipped="0" time="0.104" timestamp="2026-04-21T08:50:20">
          <properties>
[...]
</properties>
          <testcase classname="TestCommands" name="Commands Add (5p)" time="0.101">
                      
                    </testcase><testcase classname="TestCommands" name="Commands Edit (5p)" time="0.001">
                      
                    </testcase><testcase classname="TestCommands" name="Commands Remove (5p)" time="0.002">
                      
                    </testcase>
          <system-out><![CDATA[]]></system-out>
          <system-err><![CDATA[]]></system-err>
        </testsuite>