<?xml version='1.0' encoding='UTF-8'?>
<testsuite hostname="DESKTOP-ES8OC7H" name="TestDecoder" tests="15" errors="0" failures="0" skipped="0" time="13.948" timestamp="2026-04-21T08:50:02">
          <properties>
[...]
</properties>
          <testcase classname="TestDecoder" name="Tipul Bit (5p):" time="0.914">
                      
                    </testcase><testcase classname="TestDecoder" name="Codificari (5p):" time="7.707">
                      
                    </testcase><testcase classname="TestDecoder" name="Group and runLength (10p):" time="0.001">
                      
                    </testcase><testcase classname="TestDecoder" name="Tipul RatioInt (10p):" time="0.011">
                      
                    </testcase><testcase classname="TestDecoder" name="Scale to one (10p):" time="0.001">
                      
                    </testcase><testcase classname="TestDecoder" name="Scaled run length (10p):" time="0.001">
                      
                    </testcase><testcase classname="TestDecoder" name="Paritati (5p):" time="0.001">
                      
                    </testcase><testcase classname="TestDecoder" name="Codificari cu Run Length Scaled (5p):" time="0.003">
                      
                    </testcase><testcase classname="TestDecoder" name="Distance (5p):" time="0.001">
                      
                    </testcase><testcase classname="TestDecoder" name="Best match (5p):" time="0.052">
                      
                    </testcase><testcase classname="TestDecoder" name="Find last 12 digits (10p):" time="0.01">
                      
                    </testcase><testcase classname="TestDecoder" name="First digit (5p):" time="0.001">
                      
                    </testcase><testcase classname="TestDecoder" name="Check digit (1p):" time="0.002">
                      
                    </testcase><testcase classname="TestDecoder" name="Verify code (4p):" time="0.006">
                      
                    </testcase><testcase classname="TestDecoder" name="Final (10p):" time="5.237">
                      
                    </testcase>
          <system-out><![CDATA[]]></system-out>
          <system-err><![CDATA[]]></system-err>
        </testsuite>